<?xml version="1.0" encoding="UTF-8"?>
<testsuite xmlns:xsi="http://www.w3.org/2001/XMLSchema-instance" xsi:noNamespaceSchemaLocation="https://maven.apache.org/surefire/maven-surefire-plugin/xsd/surefire-test-report.xsd" version="3.0.2" name="com.roc.cheesetrade.front.HomeTest" time="0.173" tests="1" errors="0" skipped="0" failures="0">
  <properties>
    <property name="java.specification.version" value="22"/>
    <property name="sun.cpu.isalist" value="amd64"/>
    <property name="sun.jnu.encoding" value="Cp1252"/>
    <property name="sun.awt.enableExtraMouseButtons" value="true"/>
    <property name="java.class.path" value="C:\Users\nuevo\Documents\NetBeansProjects\CheeseTrade\target\test-classes;C:\Users\nuevo\Documents\NetBeansProjects\CheeseTrade\target\classes;C:\Users\nuevo\.m2\repository\org\junit\jupiter\junit-jupiter\5.12.1\junit-jupiter-5.12.1.jar;C:\Users\nuevo\.m2\repository\org\junit\jupiter\junit-jupiter-api\5.12.1\junit-jupiter-api-5.12.1.jar;C:\Users\nuevo\.m2\repository\org\opentest4j\opentest4j\1.3.0\opentest4j-1.3.0.jar;C:\Users\nuevo\.m2\repository\org\junit\platform\junit-platform-commons\1.12.1\junit-platform-commons-1.12.1.jar;C:\Users\nuevo\.m2\repository\org\apiguardian\apiguardian-api\1.1.2\apiguardian-api-1.1.2.jar;C:\Users\nuevo\.m2\repository\org\junit\jupiter\junit-jupiter-params\5.12.1\junit-jupiter-params-5.12.1.jar;C:\Users\nuevo\.m2\repository\org\junit\jupiter\junit-jupiter-engine\5.12.1\junit-jupiter-engine-5.12.1.jar;C:\Users\nuevo\.m2\repository\org\junit\platform\junit-platform-engine\1.12.1\junit-platform-engine-1.12.1.jar;C:\Users\nuevo\.m2\repository\com\mysql\mysql-connector-j\8.2.0\mysql-connector-j-8.2.0.jar;C:\Users\nuevo\.m2\repository\com\google\protobuf\protobuf-java\3.21.9\protobuf-java-3.21.9.jar;C:\Users\nuevo\.m2\repository\org\netbeans\external\AbsoluteLayout\RELEASE210\AbsoluteLayout-RELEASE210.jar;"/>
    <property name="java.vm.vendor" value="Oracle Corporation"/>
    <property name="sun.arch.data.model" value="64"/>
    <property name="user.variant" value=""/>
    <property name="java.vendor.url" value="https://java.oracle.com/"/>
    <property name="user.timezone" value="America/Hermosillo"/>
    <property name="os.name" value="Windows 11"/>
    <property name="java.vm.specification.version" value="22"/>
    <property name="user.country" value="MX"/>
    <property name="sun.java.launcher" value="SUN_STANDARD"/>
    <property name="sun.boot.library.path" value="C:\Program Files\Java\jdk-22\bin"/>
    <property name="sun.java.command" value="C:\Users\nuevo\AppData\Local\Temp\surefire9780953338078446245\surefirebooter-20250325221753252_3.jar C:\Users\nuevo\AppData\Local\Temp\surefire9780953338078446245 2025-03-25T22-17-53_043-jvmRun1 surefire-20250325221753252_1tmp surefire_0-20250325221753252_2tmp"/>
    <property name="jdk.debug" value="release"/>
    <property name="test" value="com.roc.cheesetrade.front.HomeTest"/>
    <property name="surefire.test.class.path" value="C:\Users\nuevo\Documents\NetBeansProjects\CheeseTrade\target\test-classes;C:\Users\nuevo\Documents\NetBeansProjects\CheeseTrade\target\classes;C:\Users\nuevo\.m2\repository\org\junit\jupiter\junit-jupiter\5.12.1\junit-jupiter-5.12.1.jar;C:\Users\nuevo\.m2\repository\org\junit\jupiter\junit-jupiter-api\5.12.1\junit-jupiter-api-5.12.1.jar;C:\Users\nuevo\.m2\repository\org\opentest4j\opentest4j\1.3.0\opentest4j-1.3.0.jar;C:\Users\nuevo\.m2\repository\org\junit\platform\junit-platform-commons\1.12.1\junit-platform-commons-1.12.1.jar;C:\Users\nuevo\.m2\repository\org\apiguardian\apiguardian-api\1.1.2\apiguardian-api-1.1.2.jar;C:\Users\nuevo\.m2\repository\org\junit\jupiter\junit-jupiter-params\5.12.1\junit-jupiter-params-5.12.1.jar;C:\Users\nuevo\.m2\repository\org\junit\jupiter\junit-jupiter-engine\5.12.1\junit-jupiter-engine-5.12.1.jar;C:\Users\nuevo\.m2\repository\org\junit\platform\junit-platform-engine\1.12.1\junit-platform-engine-1.12.1.jar;C:\Users\nuevo\.m2\repository\com\mysql\mysql-connector-j\8.2.0\mysql-connector-j-8.2.0.jar;C:\Users\nuevo\.m2\repository\com\google\protobuf\protobuf-java\3.21.9\protobuf-java-3.21.9.jar;C:\Users\nuevo\.m2\repository\org\netbeans\external\AbsoluteLayout\RELEASE210\AbsoluteLayout-RELEASE210.jar;"/>
    <property name="sun.cpu.endian" value="little"/>
    <property name="user.home" value="C:\Users\nuevo"/>
    <property name="user.language" value="es"/>
    <property name="java.specification.vendor" value="Oracle Corporation"/>
    <property name="java.version.date" value="2024-04-16"/>
    <property name="java.home" value="C:\Program Files\Java\jdk-22"/>
    <property name="file.separator" value="\"/>
    <property name="basedir" value="C:\Users\nuevo\Documents\NetBeansProjects\CheeseTrade"/>
    <property name="java.vm.compressedOopsMode" value="Zero based"/>
    <property name="line.separator" value="&#10;"/>
    <property name="java.vm.specification.vendor" value="Oracle Corporation"/>
    <property name="java.specification.name" value="Java Platform API Specification"/>
    <property name="surefire.real.class.path" value="C:\Users\nuevo\AppData\Local\Temp\surefire9780953338078446245\surefirebooter-20250325221753252_3.jar"/>
    <property name="user.script" value=""/>
    <property name="sun.management.compiler" value="HotSpot 64-Bit Tiered Compilers"/>
    <property name="java.runtime.version" value="22.0.1+8-16"/>
    <property name="user.name" value="nuevo"/>
    <property name="stdout.encoding" value="Cp1252"/>
    <property name="path.separator" value=";"/>
    <property name="os.version" value="10.0"/>
    <property name="java.runtime.name" value="Java(TM) SE Runtime Environment"/>
    <property name="file.encoding" value="UTF-8"/>
    <property name="java.vm.name" value="Java HotSpot(TM) 64-Bit Server VM"/>
    <property name="maven.ext.class.path" value="C:\Program Files\NetBeans-21\netbeans\java\maven-nblib\netbeans-eventspy.jar"/>
    <property name="localRepository" value="C:\Users\nuevo\.m2\repository"/>
    <property name="java.vendor.url.bug" value="https://bugreport.java.com/bugreport/"/>
    <property name="java.io.tmpdir" value="C:\Users\nuevo\AppData\Local\Temp\"/>
    <property name="java.version" value="22.0.1"/>
    <property name="user.dir" value="C:\Users\nuevo\Documents\NetBeansProjects\CheeseTrade"/>
    <property name="os.arch" value="amd64"/>
    <property name="java.vm.specification.name" value="Java Virtual Machine Specification"/>
    <property name="sun.os.patch.level" value=""/>
    <property name="native.encoding" value="Cp1252"/>
    <property name="java.library.path" value="C:\Program Files\Java\jdk-22\bin;C:\WINDOWS\Sun\Java\bin;C:\WINDOWS\system32;C:\WINDOWS;C:\Program Files\Common Files\Oracle\Java\javapath;C:\Program Files (x86)\Common Files\Oracle\Java\java8path;C:\Program Files (x86)\Common Files\Oracle\Java\javapath;C:\WINDOWS\system32;C:\WINDOWS;C:\WINDOWS\System32\Wbem;C:\WINDOWS\System32\WindowsPowerShell\v1.0\;C:\WINDOWS\System32\OpenSSH\;C:\Program Files (x86)\Microsoft SQL Server\160\Tools\Binn\;C:\Program Files\Microsoft SQL Server\160\Tools\Binn\;C:\Program Files\Microsoft SQL Server\Client SDK\ODBC\170\Tools\Binn\;C:\Program Files\Microsoft SQL Server\160\DTS\Binn\;C:\Program Files (x86)\Microsoft SQL Server\160\DTS\Binn\;C:\Program Files\Docker\Docker\resources\bin;%USERPROFILE%\AppData\Local\Microsoft\WindowsApps;;C:\Users\nuevo\AppData\Local\Programs\Microsoft VS Code\bin;C:\Exercism;."/>
    <property name="java.vm.info" value="mixed mode, sharing"/>
    <property name="stderr.encoding" value="Cp1252"/>
    <property name="java.vendor" value="Oracle Corporation"/>
    <property name="java.vm.version" value="22.0.1+8-16"/>
    <property name="sun.io.unicode.encoding" value="UnicodeLittle"/>
    <property name="java.class.version" value="66.0"/>
  </properties>
  <testcase name="testMain" classname="com.roc.cheesetrade.front.HomeTest" time="0.139"/>
</testsuite>